<?xml version="1.0" encoding="UTF-8"?>
<!-- Generated by org.testng.reporters.JUnitReportReporter -->
<testsuite hostname="Riyaans-MacBook-Air.local" failures="0" tests="1" name="BasicConcept.c_parameter" time="2.331" errors="0" timestamp="2021-11-18T09:42:11 IST" skipped="0">
  <testcase classname="BasicConcept.c_parameter" name="Param1" time="2.331"/>
  <system-out/>
</testsuite> <!-- BasicConcept.c_parameter -->
