<?xml version="1.0" encoding="UTF-8"?>
<!-- Generated by org.testng.reporters.JUnitReportReporter -->
<testsuite hostname="Riyaans-MacBook-Air.local" failures="0" tests="1" name="BasicConcept.A_getMethod1" time="2.735" errors="0" timestamp="2021-11-18T09:22:16 IST" skipped="0">
  <testcase classname="BasicConcept.A_getMethod1" name="getTestLog" time="2.735"/>
  <system-out/>
</testsuite> <!-- BasicConcept.A_getMethod1 -->
