<?xml version="1.0" encoding="UTF-8"?>
<!-- Generated by org.testng.reporters.JUnitReportReporter -->
<testsuite hostname="Riyaans-MacBook-Air.local" failures="0" tests="4" name="BasicConcept.validation" time="3.469" errors="0" timestamp="2021-11-18T10:33:04 IST" skipped="0">
  <testcase classname="BasicConcept.validation" name="example3" time="0.091"/>
  <system-out/>
  <testcase classname="BasicConcept.validation" name="example5" time="0.199"/>
  <system-out/>
  <testcase classname="BasicConcept.validation" name="example4" time="0.171"/>
  <system-out/>
  <testcase classname="BasicConcept.validation" name="example2" time="3.008"/>
  <system-out/>
</testsuite> <!-- BasicConcept.validation -->
