<?xml version="1.0" encoding="UTF-8"?>
<!-- Generated by org.testng.reporters.JUnitReportReporter -->
<testsuite hostname="Riyaans-MacBook-Air.local" failures="0" tests="1" name="Performance.performanceTest" time="2.471" errors="0" timestamp="2021-11-19T09:49:10 IST" skipped="0">
  <testcase classname="Performance.performanceTest" name="test1" time="2.471"/>
  <system-out/>
</testsuite> <!-- Performance.performanceTest -->
