<?xml version="1.0" encoding="UTF-8"?>
<!-- Generated by org.testng.reporters.JUnitReportReporter -->
<testsuite hostname="Riyaans-MacBook-Air.local" failures="0" tests="1" name="BasicConcept.b_header" time="2.515" errors="0" timestamp="2021-11-18T09:22:48 IST" skipped="0">
  <testcase classname="BasicConcept.b_header" name="gerHeader" time="2.515"/>
  <system-out/>
</testsuite> <!-- BasicConcept.b_header -->
