<?xml version="1.0" encoding="UTF-8"?>
<!-- Generated by org.testng.reporters.JUnitReportReporter -->
<testsuite hostname="Riyaans-MacBook-Air.local" failures="0" tests="1" name="BasicConcept.header.AutomateHeaders" time="4.235" errors="0" timestamp="2022-01-28T23:57:06 IST" skipped="0">
  <testcase classname="BasicConcept.header.AutomateHeaders" name="assert_response_headers" time="4.235"/>
  <system-out/>
</testsuite> <!-- BasicConcept.header.AutomateHeaders -->
