<?xml version="1.0" encoding="UTF-8"?>
<!-- Generated by org.testng.reporters.JUnitReportReporter -->
<testsuite hostname="Riyaans-MacBook-Air.local" failures="0" tests="1" name="BasicConcept.sslValidation" time="3.978" errors="0" timestamp="2021-11-19T09:33:40 IST" skipped="0">
  <testcase classname="BasicConcept.sslValidation" name="ssl_validation" time="3.978"/>
  <system-out/>
</testsuite> <!-- BasicConcept.sslValidation -->
