<?xml version="1.0" encoding="UTF-8"?>
<!-- Generated by org.testng.reporters.JUnitReportReporter -->
<testsuite hostname="Riyaans-MacBook-Air.local" failures="0" tests="1" name="Files.DownloadFile" time="6.444" errors="0" timestamp="2022-01-29T09:46:20 IST" skipped="0">
  <testcase classname="Files.DownloadFile" name="download_file" time="6.444"/>
  <system-out/>
</testsuite> <!-- Files.DownloadFile -->
