<?xml version="1.0" encoding="UTF-8"?>
<!-- Generated by org.testng.reporters.JUnitReportReporter -->
<testsuite hostname="Riyaans-MacBook-Air.local" failures="0" tests="1" name="PostRequest.PostRequestTest" time="2.574" errors="0" timestamp="2021-11-19T09:16:14 IST" skipped="0">
  <testcase classname="PostRequest.PostRequestTest" name="postRequest" time="2.574"/>
  <system-out/>
</testsuite> <!-- PostRequest.PostRequestTest -->
