<?xml version="1.0" encoding="UTF-8"?>
<!-- Generated by org.testng.reporters.JUnitReportReporter -->
<testsuite hostname="Riyaans-MacBook-Air.local" failures="0" tests="1" name="BasicConcept.A_getMethod" time="2.648" errors="0" timestamp="2021-11-18T07:46:50 IST" skipped="0">
  <testcase classname="BasicConcept.A_getMethod" name="example1" time="2.648"/>
  <system-out/>
</testsuite> <!-- BasicConcept.A_getMethod -->
