<?xml version="1.0" encoding="UTF-8"?>
<!-- Generated by org.testng.reporters.JUnitReportReporter -->
<testsuite hostname="Riyaans-MacBook-Air.local" failures="0" tests="1" name="Files.UploadFile" time="6.266" errors="0" timestamp="2022-01-29T09:36:19 IST" skipped="0">
  <testcase classname="Files.UploadFile" name="upload_file_multipart_form_data" time="6.266"/>
  <system-out/>
</testsuite> <!-- Files.UploadFile -->
