<?xml version="1.0" encoding="UTF-8"?>
<!-- Generated by org.testng.reporters.JUnitReportReporter -->
<testsuite hostname="Riyaans-MacBook-Air.local" failures="0" tests="1" name="JsonParserCreation.CreateJson" time="0.011" errors="0" timestamp="2021-11-19T08:54:46 IST" skipped="0">
  <testcase classname="JsonParserCreation.CreateJson" name="createJson" time="0.011"/>
  <system-out/>
</testsuite> <!-- JsonParserCreation.CreateJson -->
