<?xml version="1.0" encoding="UTF-8"?>
<!-- Generated by org.testng.reporters.JUnitReportReporter -->
<testsuite hostname="DESKTOP-53T7V4N" failures="0" tests="1" name="E2EFlow.Scenario" time="12.869" errors="0" timestamp="2022-05-14T22:55:01 IST" skipped="0">
  <testcase classname="E2EFlow.Scenario" name="postRequest" time="12.869"/>
  <system-out/>
</testsuite> <!-- E2EFlow.Scenario -->
