<?xml version="1.0" encoding="UTF-8"?>
<!-- Generated by org.testng.reporters.JUnitReportReporter -->
<testsuite hostname="Riyaans-MacBook-Air.local" failures="0" tests="1" name="BasicConcept.get.A_getMethod" time="3.132" errors="0" timestamp="2022-01-29T09:01:56 IST" skipped="0">
  <testcase classname="BasicConcept.get.A_getMethod" name="example1" time="3.132"/>
  <system-out/>
</testsuite> <!-- BasicConcept.get.A_getMethod -->
